Arguments: 
  /usr/local/bin/node /usr/local/Cellar/yarn/1.17.3/libexec/bin/yarn.js --pnp

PATH: 
  /Users/danju/.nix-profile/bin:/Users/danju/.cargo/bin:/usr/local/bin:/usr/local/sbin:~/bin:/Users/danju/.yarn/bin:/Users/danju/.config/yarn/global/node_modules/.bin:/usr/bin:/bin:/usr/sbin:/sbin

Yarn version: 
  1.17.3

Node version: 
  10.16.3

Platform: 
  darwin x64

Trace: 
  SyntaxError: /Users/danju/work/testpnp/pnp/package.json: Unexpected token } in JSON at position 190
      at JSON.parse (<anonymous>)
      at /usr/local/Cellar/yarn/1.17.3/libexec/lib/cli.js:1625:59
      at Generator.next (<anonymous>)
      at step (/usr/local/Cellar/yarn/1.17.3/libexec/lib/cli.js:304:30)
      at /usr/local/Cellar/yarn/1.17.3/libexec/lib/cli.js:315:13

npm manifest: 
  {
    "name": "testpnp",
    "version": "1.0.0",
    "main": "index.js",
    "license": "MIT",
    "dependencies": {
      "is-buffer": "^2.0.4",
      "is-number": "^7.0.0"
    },
    "devDependencies": {},
  }

yarn manifest: 
  No manifest

Lockfile: 
  No lockfile
